<?xml version="1.0" encoding="UTF-8"?>
<testsuites name="pageAbout" time="9" tests="1" failures="0" errors="1">
   <testsuite name="pageAbout" tests="1" failures="0" errors="1" time="9" timestamp="2020-04-16 15:53:11" hostname="mariaana - 192.168.0.25" id="Test Suites/pageAbout">
      <properties>
         <property name="deviceName" value=""/>
         <property name="devicePlatform" value=""/>
         <property name="logFolder" value="/Users/mariaana/Katalon Studio/Pintek.id/Reports/pageAbout/20200416_155309"/>
         <property name="logFiles" value="/Users/mariaana/Katalon Studio/Pintek.id/Reports/pageAbout/20200416_155309/execution0.log"/>
         <property name="attachments" value="/Users/mariaana/Katalon Studio/Pintek.id/Reports/pageAbout/20200416_155309/1587027200368.png"/>
         <property name="hostName" value="mariaana - 192.168.0.25"/>
         <property name="os" value="Mac OS X 64bit"/>
         <property name="katalonVersion" value="6.1.2.2"/>
         <property name="browser" value="Chrome 80.0.3987.163"/>
         <property name="hostAddress" value="192.168.0.25"/>
         <property name="sessionId" value="58242743bcc53e228a87680be5db0fed"/>
         <property name="seleniumVersion" value="3.7.1"/>
         <property name="proxyInformation" value="ProxyInformation{proxyOption=NO_PROXY, proxyServerType=HTTP, password=, proxyServerAddress=, proxyServerPort=0}"/>
         <property name="platform" value="Mac OS X"/>
      </properties>
      <testcase name="Test Cases/login" classname="Test Cases/login" status="PASSED">
         <system-out><![CDATA[2020-04-16 15:53:11 - [TEST_CASE][PASSED] - Test Cases/login: Test Cases/login

2020-04-16 15:53:11 - [TEST_STEP][PASSED] - openBrowser("https://www.saucedemo.com/"): Browser is opened with url: 'https://www.saucedemo.com/'

2020-04-16 15:53:11 - [MESSAGE][INFO] - Starting 'Chrome (headless)' driver

2020-04-16 15:53:11 - [MESSAGE][INFO] - Action delay is set to 0 seconds

2020-04-16 15:53:14 - [MESSAGE][PASSED] - Browser is opened with url: 'https://www.saucedemo.com/'

2020-04-16 15:53:14 - [TEST_STEP][PASSED] - delay(2): Delayed 2 second(s)

2020-04-16 15:53:16 - [MESSAGE][PASSED] - Delayed 2 second(s)

2020-04-16 15:53:16 - [TEST_STEP][PASSED] - setText(findTestObject("Object Repository/saucedemo/input_username"), "standard_user"): Text 'standard_user' is set on object 'Object Repository/saucedemo/input_username'

2020-04-16 15:53:16 - [MESSAGE][PASSED] - Text 'standard_user' is set on object 'Object Repository/saucedemo/input_username'

2020-04-16 15:53:16 - [TEST_STEP][PASSED] - setText(findTestObject("Object Repository/saucedemo/input_password"), "secret_sauce"): Text 'secret_sauce' is set on object 'Object Repository/saucedemo/input_password'

2020-04-16 15:53:16 - [MESSAGE][PASSED] - Text 'secret_sauce' is set on object 'Object Repository/saucedemo/input_password'

2020-04-16 15:53:16 - [TEST_STEP][PASSED] - click(findTestObject("Object Repository/saucedemo/button_login")): Object: 'Object Repository/saucedemo/button_login' is clicked on

2020-04-16 15:53:18 - [MESSAGE][PASSED] - Object: 'Object Repository/saucedemo/button_login' is clicked on

2020-04-16 15:53:18 - [TEST_STEP][PASSED] - delay(1): Delayed 1 second(s)

2020-04-16 15:53:19 - [MESSAGE][PASSED] - Delayed 1 second(s)]]></system-out>
         <system-err><![CDATA[]]></system-err>
      </testcase>
      <testcase name="Test Cases/page_about" classname="Test Cases/page_about" status="ERROR">
         <error type="ERROR" message="Test Cases/page_about FAILED.
Reason:
groovy.lang.MissingMethodException: No signature of method: static com.kms.katalon.core.webui.keyword.WebUiBuiltInKeywords.verifyLinksAccessible() is applicable for argument types: (java.lang.String, com.kms.katalon.core.model.FailureHandling) values: [https://saucelabs.com/, CONTINUE_ON_FAILURE]
Possible solutions: verifyLinksAccessible(java.util.List, com.kms.katalon.core.model.FailureHandling), verifyLinksAccessible(java.util.List)
	at page_about.run(page_about:30)
	at com.kms.katalon.core.main.ScriptEngine.run(ScriptEngine.java:194)
	at com.kms.katalon.core.main.ScriptEngine.runScriptAsRawText(ScriptEngine.java:119)
	at com.kms.katalon.core.main.TestCaseExecutor.runScript(TestCaseExecutor.java:336)
	at com.kms.katalon.core.main.TestCaseExecutor.doExecute(TestCaseExecutor.java:327)
	at com.kms.katalon.core.main.TestCaseExecutor.processExecutionPhase(TestCaseExecutor.java:306)
	at com.kms.katalon.core.main.TestCaseExecutor.accessMainPhase(TestCaseExecutor.java:298)
	at com.kms.katalon.core.main.TestCaseExecutor.execute(TestCaseExecutor.java:232)
	at com.kms.katalon.core.main.TestSuiteExecutor.accessTestCaseMainPhase(TestSuiteExecutor.java:129)
	at com.kms.katalon.core.main.TestSuiteExecutor.accessTestSuiteMainPhase(TestSuiteExecutor.java:112)
	at com.kms.katalon.core.main.TestSuiteExecutor.execute(TestSuiteExecutor.java:81)
	at com.kms.katalon.core.main.TestCaseMain.startTestSuite(TestCaseMain.java:157)
	at com.kms.katalon.core.main.TestCaseMain$startTestSuite$0.call(Unknown Source)
	at TempTestSuite1587027189195.run(TempTestSuite1587027189195.groovy:35)
"/>
         <system-out><![CDATA[2020-04-16 15:53:19 - [TEST_CASE][ERROR] - Test Cases/page_about: Test Cases/page_about FAILED.
Reason:
groovy.lang.MissingMethodException: No signature of method: static com.kms.katalon.core.webui.keyword.WebUiBuiltInKeywords.verifyLinksAccessible() is applicable for argument types: (java.lang.String, com.kms.katalon.core.model.FailureHandling) values: [https://saucelabs.com/, CONTINUE_ON_FAILURE]
Possible solutions: verifyLinksAccessible(java.util.List, com.kms.katalon.core.model.FailureHandling), verifyLinksAccessible(java.util.List)
	at page_about.run(page_about:30)
	at com.kms.katalon.core.main.ScriptEngine.run(ScriptEngine.java:194)
	at com.kms.katalon.core.main.ScriptEngine.runScriptAsRawText(ScriptEngine.java:119)
	at com.kms.katalon.core.main.TestCaseExecutor.runScript(TestCaseExecutor.java:336)
	at com.kms.katalon.core.main.TestCaseExecutor.doExecute(TestCaseExecutor.java:327)
	at com.kms.katalon.core.main.TestCaseExecutor.processExecutionPhase(TestCaseExecutor.java:306)
	at com.kms.katalon.core.main.TestCaseExecutor.accessMainPhase(TestCaseExecutor.java:298)
	at com.kms.katalon.core.main.TestCaseExecutor.execute(TestCaseExecutor.java:232)
	at com.kms.katalon.core.main.TestSuiteExecutor.accessTestCaseMainPhase(TestSuiteExecutor.java:129)
	at com.kms.katalon.core.main.TestSuiteExecutor.accessTestSuiteMainPhase(TestSuiteExecutor.java:112)
	at com.kms.katalon.core.main.TestSuiteExecutor.execute(TestSuiteExecutor.java:81)
	at com.kms.katalon.core.main.TestCaseMain.startTestSuite(TestCaseMain.java:157)
	at com.kms.katalon.core.main.TestCaseMain$startTestSuite$0.call(Unknown Source)
	at TempTestSuite1587027189195.run(TempTestSuite1587027189195.groovy:35)


2020-04-16 15:53:19 - [TEST_STEP][NOT_RUN] - callTestCase(findTestCase("login"), [:], STOP_ON_FAILURE): NOT_RUN: callTestCase(findTestCase("login"), [:], STOP_ON_FAILURE)

2020-04-16 15:53:19 - [MESSAGE][NOT_RUN] - NOT_RUN: callTestCase(findTestCase("login"), [:], STOP_ON_FAILURE)

2020-04-16 15:53:19 - [TEST_STEP][PASSED] - comment(note): verify that page About is accesible

2020-04-16 15:53:19 - [MESSAGE][INFO] - verify that page About is accesible

2020-04-16 15:53:19 - [TEST_STEP][PASSED] - verifyElementPresent(findTestObject("Object Repository/saucedemo/label_Products"), 3): Object 'Object Repository/saucedemo/label_Products' is present

2020-04-16 15:53:19 - [MESSAGE][PASSED] - Object 'Object Repository/saucedemo/label_Products' is present

2020-04-16 15:53:19 - [TEST_STEP][PASSED] - click(findTestObject("Object Repository/saucedemo/button_open menu")): Object: 'Object Repository/saucedemo/button_open menu' is clicked on

2020-04-16 15:53:19 - [MESSAGE][PASSED] - Object: 'Object Repository/saucedemo/button_open menu' is clicked on

2020-04-16 15:53:19 - [TEST_STEP][PASSED] - pageAbout = getAttribute(findTestObject("Object Repository/saucedemo/menu_About"), "href"): Attribute 'href' of object 'Object Repository/saucedemo/menu_About' is: 'https://saucelabs.com/'

2020-04-16 15:53:19 - [MESSAGE][PASSED] - Attribute 'href' of object 'Object Repository/saucedemo/menu_About' is: 'https://saucelabs.com/'

2020-04-16 15:53:19 - [TEST_STEP][PASSED] - navigateToUrl(pageAbout): Navigate to 'https://saucelabs.com/' successfully

2020-04-16 15:53:20 - [MESSAGE][PASSED] - Navigate to 'https://saucelabs.com/' successfully

2020-04-16 15:53:20 - [TEST_STEP][PASSED] - takeScreenshot(): Taking screenshot successfully

2020-04-16 15:53:20 - [MESSAGE][PASSED] - Taking screenshot successfully
[[ATTACHMENT|/Users/mariaana/Katalon Studio/Pintek.id/Reports/pageAbout/20200416_155309/1587027200368.png]]

2020-04-16 15:53:20 - [TEST_STEP][PASSED] - verifyLinksAccessible(pageAbout, CONTINUE_ON_FAILURE): null]]></system-out>
         <system-err><![CDATA[2020-04-16 15:53:19 - [TEST_CASE][ERROR] - Test Cases/page_about: Test Cases/page_about FAILED.
Reason:
groovy.lang.MissingMethodException: No signature of method: static com.kms.katalon.core.webui.keyword.WebUiBuiltInKeywords.verifyLinksAccessible() is applicable for argument types: (java.lang.String, com.kms.katalon.core.model.FailureHandling) values: [https://saucelabs.com/, CONTINUE_ON_FAILURE]
Possible solutions: verifyLinksAccessible(java.util.List, com.kms.katalon.core.model.FailureHandling), verifyLinksAccessible(java.util.List)
	at page_about.run(page_about:30)
	at com.kms.katalon.core.main.ScriptEngine.run(ScriptEngine.java:194)
	at com.kms.katalon.core.main.ScriptEngine.runScriptAsRawText(ScriptEngine.java:119)
	at com.kms.katalon.core.main.TestCaseExecutor.runScript(TestCaseExecutor.java:336)
	at com.kms.katalon.core.main.TestCaseExecutor.doExecute(TestCaseExecutor.java:327)
	at com.kms.katalon.core.main.TestCaseExecutor.processExecutionPhase(TestCaseExecutor.java:306)
	at com.kms.katalon.core.main.TestCaseExecutor.accessMainPhase(TestCaseExecutor.java:298)
	at com.kms.katalon.core.main.TestCaseExecutor.execute(TestCaseExecutor.java:232)
	at com.kms.katalon.core.main.TestSuiteExecutor.accessTestCaseMainPhase(TestSuiteExecutor.java:129)
	at com.kms.katalon.core.main.TestSuiteExecutor.accessTestSuiteMainPhase(TestSuiteExecutor.java:112)
	at com.kms.katalon.core.main.TestSuiteExecutor.execute(TestSuiteExecutor.java:81)
	at com.kms.katalon.core.main.TestCaseMain.startTestSuite(TestCaseMain.java:157)
	at com.kms.katalon.core.main.TestCaseMain$startTestSuite$0.call(Unknown Source)
	at TempTestSuite1587027189195.run(TempTestSuite1587027189195.groovy:35)]]></system-err>
      </testcase>
      <system-out><![CDATA[2020-04-16 15:53:11 - [TEST_SUITE][ERROR] - pageAbout: Test Cases/page_about FAILED.
Reason:
groovy.lang.MissingMethodException: No signature of method: static com.kms.katalon.core.webui.keyword.WebUiBuiltInKeywords.verifyLinksAccessible() is applicable for argument types: (java.lang.String, com.kms.katalon.core.model.FailureHandling) values: [https://saucelabs.com/, CONTINUE_ON_FAILURE]
Possible solutions: verifyLinksAccessible(java.util.List, com.kms.katalon.core.model.FailureHandling), verifyLinksAccessible(java.util.List)
	at page_about.run(page_about:30)
	at com.kms.katalon.core.main.ScriptEngine.run(ScriptEngine.java:194)
	at com.kms.katalon.core.main.ScriptEngine.runScriptAsRawText(ScriptEngine.java:119)
	at com.kms.katalon.core.main.TestCaseExecutor.runScript(TestCaseExecutor.java:336)
	at com.kms.katalon.core.main.TestCaseExecutor.doExecute(TestCaseExecutor.java:327)
	at com.kms.katalon.core.main.TestCaseExecutor.processExecutionPhase(TestCaseExecutor.java:306)
	at com.kms.katalon.core.main.TestCaseExecutor.accessMainPhase(TestCaseExecutor.java:298)
	at com.kms.katalon.core.main.TestCaseExecutor.execute(TestCaseExecutor.java:232)
	at com.kms.katalon.core.main.TestSuiteExecutor.accessTestCaseMainPhase(TestSuiteExecutor.java:129)
	at com.kms.katalon.core.main.TestSuiteExecutor.accessTestSuiteMainPhase(TestSuiteExecutor.java:112)
	at com.kms.katalon.core.main.TestSuiteExecutor.execute(TestSuiteExecutor.java:81)
	at com.kms.katalon.core.main.TestCaseMain.startTestSuite(TestCaseMain.java:157)
	at com.kms.katalon.core.main.TestCaseMain$startTestSuite$0.call(Unknown Source)
	at TempTestSuite1587027189195.run(TempTestSuite1587027189195.groovy:35)]]></system-out>
      <system-err><![CDATA[2020-04-16 15:53:11 - [TEST_SUITE][ERROR] - pageAbout: Test Cases/page_about FAILED.
Reason:
groovy.lang.MissingMethodException: No signature of method: static com.kms.katalon.core.webui.keyword.WebUiBuiltInKeywords.verifyLinksAccessible() is applicable for argument types: (java.lang.String, com.kms.katalon.core.model.FailureHandling) values: [https://saucelabs.com/, CONTINUE_ON_FAILURE]
Possible solutions: verifyLinksAccessible(java.util.List, com.kms.katalon.core.model.FailureHandling), verifyLinksAccessible(java.util.List)
	at page_about.run(page_about:30)
	at com.kms.katalon.core.main.ScriptEngine.run(ScriptEngine.java:194)
	at com.kms.katalon.core.main.ScriptEngine.runScriptAsRawText(ScriptEngine.java:119)
	at com.kms.katalon.core.main.TestCaseExecutor.runScript(TestCaseExecutor.java:336)
	at com.kms.katalon.core.main.TestCaseExecutor.doExecute(TestCaseExecutor.java:327)
	at com.kms.katalon.core.main.TestCaseExecutor.processExecutionPhase(TestCaseExecutor.java:306)
	at com.kms.katalon.core.main.TestCaseExecutor.accessMainPhase(TestCaseExecutor.java:298)
	at com.kms.katalon.core.main.TestCaseExecutor.execute(TestCaseExecutor.java:232)
	at com.kms.katalon.core.main.TestSuiteExecutor.accessTestCaseMainPhase(TestSuiteExecutor.java:129)
	at com.kms.katalon.core.main.TestSuiteExecutor.accessTestSuiteMainPhase(TestSuiteExecutor.java:112)
	at com.kms.katalon.core.main.TestSuiteExecutor.execute(TestSuiteExecutor.java:81)
	at com.kms.katalon.core.main.TestCaseMain.startTestSuite(TestCaseMain.java:157)
	at com.kms.katalon.core.main.TestCaseMain$startTestSuite$0.call(Unknown Source)
	at TempTestSuite1587027189195.run(TempTestSuite1587027189195.groovy:35)]]></system-err>
   </testsuite>
</testsuites>
